TN:
SF:src/modules/appointments/services/CreateAppointmentService.ts
FN:44,__decorate
FN:44,__metadata
FN:44,__param
FN:44,__awaiter
FN:44,fulfilled
FN:44,rejected
FN:44,step
FN:44,__generator
FN:44,sent
FN:44,g.<computed>
FN:44,verb
FN:44,step
FN:44,__importDefault
FN:20,CreateAppointmentService
FN:25,CreateAppointmentService.execute
FNF:15
FNH:13
FNDA:1,__decorate
FNDA:1,__metadata
FNDA:1,__param
FNDA:3,__awaiter
FNDA:5,fulfilled
FNDA:0,rejected
FNDA:7,step
FNDA:3,__generator
FNDA:5,sent
FNDA:0,g.<computed>
FNDA:9,verb
FNDA:8,step
FNDA:1,__importDefault
FNDA:2,CreateAppointmentService
FNDA:3,CreateAppointmentService.execute
DA:1,1
DA:2,1
DA:3,1
DA:4,1
DA:5,1
DA:6,1
DA:7,1
DA:8,1
DA:9,1
DA:10,1
DA:11,1
DA:12,1
DA:13,1
DA:14,1
DA:15,1
DA:16,1
DA:17,1
DA:18,1
DA:19,1
DA:20,1
DA:21,2
DA:22,2
DA:23,2
DA:24,1
DA:25,1
DA:26,3
DA:27,3
DA:28,3
DA:29,3
DA:30,3
DA:31,3
DA:32,1
DA:33,1
DA:34,2
DA:35,2
DA:36,2
DA:37,2
DA:38,2
DA:39,3
DA:40,3
DA:41,3
DA:42,1
DA:43,1
DA:44,1
LF:44
LH:44
BRDA:44,0,0,1
BRDA:44,1,0,1
BRDA:44,2,0,0
BRDA:44,3,0,0
BRDA:44,4,0,0
BRDA:44,5,0,0
BRDA:44,6,0,1
BRDA:44,7,0,1
BRDA:44,8,0,1
BRDA:44,9,0,3
BRDA:44,10,0,3
BRDA:44,11,0,5
BRDA:44,12,0,1
BRDA:44,13,0,7
BRDA:44,14,0,2
BRDA:44,15,0,5
BRDA:44,16,0,5
BRDA:44,17,0,3
BRDA:44,18,0,5
BRDA:44,19,0,0
BRDA:44,20,0,9
BRDA:44,21,0,8
BRDA:44,22,0,8
BRDA:44,23,0,0
BRDA:44,24,0,16
BRDA:44,25,0,0
BRDA:44,26,0,0
BRDA:44,27,0,0
BRDA:44,28,0,0
BRDA:44,29,0,8
BRDA:44,30,0,8
BRDA:44,31,0,5
BRDA:44,32,0,0
BRDA:44,33,0,0
BRDA:44,34,0,3
BRDA:44,35,0,0
BRDA:44,36,0,2
BRDA:44,37,0,0
BRDA:44,38,0,0
BRDA:44,39,0,0
BRDA:44,40,0,0
BRDA:44,41,0,8
BRDA:44,42,0,1
BRDA:44,43,0,8
BRDA:44,44,0,3
BRDA:44,45,0,1
BRDA:44,46,0,2
BRDA:44,47,0,0
BRDA:44,48,0,1
BRDA:44,49,0,0
BRDA:14,50,0,1
BRDA:20,51,0,2
BRDA:25,52,0,3
BRDA:44,53,0,3
BRDA:44,54,0,8
BRDA:44,55,0,3
BRDA:44,56,0,3
BRDA:31,57,0,1
BRDA:33,58,0,2
BRDA:44,59,0,2
BRF:60
BRH:41
end_of_record
TN:
SF:src/modules/users/services/AuthenticateUserService.ts
FN:54,__decorate
FN:54,__metadata
FN:54,__param
FN:54,__awaiter
FN:54,fulfilled
FN:54,rejected
FN:54,step
FN:54,__generator
FN:54,sent
FN:54,g.<computed>
FN:54,verb
FN:54,step
FN:54,__importDefault
FN:19,AuthenticateUserService
FN:27,AuthenticateUserService.execute
FNF:15
FNH:13
FNDA:1,__decorate
FNDA:1,__metadata
FNDA:2,__param
FNDA:3,__awaiter
FNDA:3,fulfilled
FNDA:0,rejected
FNDA:3,step
FNDA:3,__generator
FNDA:3,sent
FNDA:0,g.<computed>
FNDA:9,verb
FNDA:6,step
FNDA:2,__importDefault
FNDA:3,AuthenticateUserService
FNDA:3,AuthenticateUserService.execute
DA:1,1
DA:2,1
DA:3,1
DA:4,1
DA:5,1
DA:6,1
DA:7,1
DA:8,1
DA:9,1
DA:10,1
DA:11,1
DA:12,1
DA:13,1
DA:14,1
DA:15,1
DA:16,1
DA:17,1
DA:18,1
DA:19,1
DA:20,3
DA:21,3
DA:22,3
DA:23,3
DA:24,3
DA:25,1
DA:26,1
DA:27,1
DA:28,3
DA:29,3
DA:30,3
DA:31,3
DA:32,3
DA:33,0
DA:34,0
DA:35,3
DA:36,3
DA:37,3
DA:38,3
DA:39,3
DA:40,3
DA:41,3
DA:42,3
DA:43,3
DA:44,3
DA:45,3
DA:46,3
DA:47,3
DA:48,3
DA:49,3
DA:50,3
DA:51,3
DA:52,1
DA:53,1
DA:54,1
LF:54
LH:52
BRDA:54,0,0,1
BRDA:54,1,0,1
BRDA:54,2,0,0
BRDA:54,3,0,0
BRDA:54,4,0,0
BRDA:54,5,0,0
BRDA:54,6,0,1
BRDA:54,7,0,2
BRDA:54,8,0,2
BRDA:54,9,0,3
BRDA:54,10,0,3
BRDA:54,11,0,3
BRDA:54,12,0,3
BRDA:54,13,0,0
BRDA:54,14,0,3
BRDA:54,15,0,3
BRDA:54,16,0,3
BRDA:54,17,0,0
BRDA:54,18,0,9
BRDA:54,19,0,6
BRDA:54,20,0,6
BRDA:54,21,0,0
BRDA:54,22,0,12
BRDA:54,23,0,0
BRDA:54,24,0,0
BRDA:54,25,0,0
BRDA:54,26,0,0
BRDA:54,27,0,6
BRDA:54,28,0,6
BRDA:54,29,0,3
BRDA:54,30,0,0
BRDA:54,31,0,0
BRDA:54,32,0,3
BRDA:54,33,0,0
BRDA:54,34,0,0
BRDA:54,35,0,0
BRDA:54,36,0,0
BRDA:54,37,0,0
BRDA:54,38,0,0
BRDA:54,39,0,6
BRDA:54,40,0,3
BRDA:54,41,0,6
BRDA:54,42,0,3
BRDA:54,43,0,0
BRDA:54,44,0,0
BRDA:54,45,0,2
BRDA:54,46,0,0
BRDA:18,47,0,1
BRDA:19,48,0,3
BRDA:27,49,0,3
BRDA:54,50,0,3
BRDA:54,51,0,6
BRDA:28,52,0,3
BRDA:54,53,0,3
BRDA:32,54,0,0
BRDA:54,55,0,0
BRF:56
BRH:32
end_of_record
TN:
SF:src/modules/users/services/CreateUserService.ts
FN:44,__decorate
FN:44,__metadata
FN:44,__param
FN:44,__awaiter
FN:44,fulfilled
FN:44,rejected
FN:44,step
FN:44,__generator
FN:44,sent
FN:44,g.<computed>
FN:44,verb
FN:44,step
FN:44,__importDefault
FN:16,CreateUserService
FN:24,CreateUserService.execute
FNF:15
FNH:13
FNDA:2,__decorate
FNDA:2,__metadata
FNDA:4,__param
FNDA:5,__awaiter
FNDA:15,fulfilled
FNDA:0,rejected
FNDA:20,step
FNDA:5,__generator
FNDA:15,sent
FNDA:0,g.<computed>
FNDA:15,verb
FNDA:20,step
FNDA:2,__importDefault
FNDA:4,CreateUserService
FNDA:5,CreateUserService.execute
DA:1,1
DA:2,1
DA:3,1
DA:4,1
DA:5,1
DA:6,1
DA:7,1
DA:8,1
DA:9,1
DA:10,1
DA:11,1
DA:12,1
DA:13,1
DA:14,1
DA:15,2
DA:16,2
DA:17,4
DA:18,4
DA:19,4
DA:20,4
DA:21,4
DA:22,2
DA:23,2
DA:24,2
DA:25,5
DA:26,5
DA:27,5
DA:28,5
DA:29,0
DA:30,0
DA:31,5
DA:32,5
DA:33,5
DA:34,5
DA:35,5
DA:36,5
DA:37,5
DA:38,5
DA:39,5
DA:40,5
DA:41,5
DA:42,2
DA:43,1
DA:44,1
LF:44
LH:42
BRDA:44,0,0,2
BRDA:44,1,0,2
BRDA:44,2,0,0
BRDA:44,3,0,0
BRDA:44,4,0,0
BRDA:44,5,0,0
BRDA:44,6,0,2
BRDA:44,7,0,4
BRDA:44,8,0,4
BRDA:44,9,0,5
BRDA:44,10,0,5
BRDA:44,11,0,15
BRDA:44,12,0,0
BRDA:44,13,0,20
BRDA:44,14,0,5
BRDA:44,15,0,15
BRDA:44,16,0,15
BRDA:44,17,0,5
BRDA:44,18,0,15
BRDA:44,19,0,0
BRDA:44,20,0,15
BRDA:44,21,0,20
BRDA:44,22,0,20
BRDA:44,23,0,0
BRDA:44,24,0,40
BRDA:44,25,0,0
BRDA:44,26,0,0
BRDA:44,27,0,0
BRDA:44,28,0,0
BRDA:44,29,0,20
BRDA:44,30,0,20
BRDA:44,31,0,15
BRDA:44,32,0,0
BRDA:44,33,0,0
BRDA:44,34,0,5
BRDA:44,35,0,0
BRDA:44,36,0,0
BRDA:44,37,0,0
BRDA:44,38,0,0
BRDA:44,39,0,0
BRDA:44,40,0,20
BRDA:44,41,0,0
BRDA:44,42,0,20
BRDA:44,43,0,5
BRDA:44,44,0,0
BRDA:44,45,0,5
BRDA:44,46,0,0
BRDA:44,47,0,2
BRDA:44,48,0,0
BRDA:15,49,0,2
BRDA:16,50,0,4
BRDA:24,51,0,5
BRDA:44,52,0,5
BRDA:44,53,0,20
BRDA:26,54,0,5
BRDA:44,55,0,5
BRDA:28,56,0,0
BRDA:44,57,0,5
BRDA:44,58,0,5
BRF:59
BRH:36
end_of_record
TN:
SF:src/modules/users/services/UpdateUserAvatarService.ts
FN:46,__decorate
FN:46,__metadata
FN:46,__param
FN:46,__awaiter
FN:46,fulfilled
FN:46,rejected
FN:46,step
FN:46,__generator
FN:46,sent
FN:46,g.<computed>
FN:46,verb
FN:46,step
FN:46,__importDefault
FN:18,UpdateUserAvatarService
FN:26,UpdateUserAvatarService.execute
FNF:15
FNH:13
FNDA:1,__decorate
FNDA:1,__metadata
FNDA:2,__param
FNDA:4,__awaiter
FNDA:11,fulfilled
FNDA:0,rejected
FNDA:14,step
FNDA:4,__generator
FNDA:11,sent
FNDA:0,g.<computed>
FNDA:12,verb
FNDA:15,step
FNDA:1,__importDefault
FNDA:3,UpdateUserAvatarService
FNDA:4,UpdateUserAvatarService.execute
DA:1,1
DA:2,1
DA:3,1
DA:4,1
DA:5,1
DA:6,1
DA:7,1
DA:8,1
DA:9,1
DA:10,1
DA:11,1
DA:12,1
DA:13,1
DA:14,1
DA:15,1
DA:16,1
DA:17,1
DA:18,1
DA:19,3
DA:20,3
DA:21,3
DA:22,3
DA:23,3
DA:24,1
DA:25,1
DA:26,1
DA:27,4
DA:28,4
DA:29,4
DA:30,1
DA:31,1
DA:32,3
DA:33,3
DA:34,1
DA:35,4
DA:36,4
DA:37,4
DA:38,4
DA:39,4
DA:40,4
DA:41,4
DA:42,4
DA:43,4
DA:44,1
DA:45,1
DA:46,1
LF:46
LH:46
BRDA:46,0,0,1
BRDA:46,1,0,1
BRDA:46,2,0,0
BRDA:46,3,0,0
BRDA:46,4,0,0
BRDA:46,5,0,0
BRDA:46,6,0,1
BRDA:46,7,0,2
BRDA:46,8,0,2
BRDA:46,9,0,4
BRDA:46,10,0,4
BRDA:46,11,0,11
BRDA:46,12,0,1
BRDA:46,13,0,14
BRDA:46,14,0,3
BRDA:46,15,0,11
BRDA:46,16,0,11
BRDA:46,17,0,4
BRDA:46,18,0,11
BRDA:46,19,0,0
BRDA:46,20,0,12
BRDA:46,21,0,15
BRDA:46,22,0,15
BRDA:46,23,0,0
BRDA:46,24,0,32
BRDA:46,25,0,0
BRDA:46,26,0,0
BRDA:46,27,0,0
BRDA:46,28,0,0
BRDA:46,29,0,15
BRDA:46,30,0,15
BRDA:46,31,0,11
BRDA:46,32,0,0
BRDA:46,33,0,0
BRDA:46,34,0,6
BRDA:46,35,0,0
BRDA:46,36,0,5
BRDA:46,37,0,4
BRDA:46,38,0,2
BRDA:46,39,0,0
BRDA:46,40,0,2
BRDA:46,41,0,0
BRDA:46,42,0,0
BRDA:46,43,0,0
BRDA:46,44,0,17
BRDA:46,45,0,1
BRDA:46,46,0,17
BRDA:46,47,0,4
BRDA:46,48,0,1
BRDA:46,49,0,3
BRDA:46,50,0,0
BRDA:46,51,0,1
BRDA:46,52,0,0
BRDA:17,53,0,1
BRDA:18,54,0,3
BRDA:26,55,0,4
BRDA:46,56,0,4
BRDA:46,57,0,17
BRDA:27,58,0,4
BRDA:46,59,0,4
BRDA:29,60,0,1
BRDA:31,61,0,3
BRDA:33,62,0,2
BRDA:33,63,0,1
BRDA:46,64,0,1
BRDA:37,65,0,3
BRDA:46,66,0,3
BRDA:46,67,0,3
BRF:68
BRH:49
end_of_record
