TN:
SF:src\modules\appointments\services\CreateAppointmentService.ts
FN:65,__decorate
FN:65,__metadata
FN:65,__param
FN:65,__awaiter
FN:65,fulfilled
FN:65,rejected
FN:65,step
FN:65,__generator
FN:65,sent
FN:65,g.<computed>
FN:65,verb
FN:65,step
FN:65,__importDefault
FN:17,CreateAppointmentService
FN:25,CreateAppointmentService.execute
FNF:15
FNH:13
FNDA:1,__decorate
FNDA:1,__metadata
FNDA:2,__param
FNDA:7,__awaiter
FNDA:6,fulfilled
FNDA:0,rejected
FNDA:8,step
FNDA:7,__generator
FNDA:6,sent
FNDA:0,g.<computed>
FNDA:21,verb
FNDA:13,step
FNDA:1,__importDefault
FNDA:5,CreateAppointmentService
FNDA:7,CreateAppointmentService.execute
DA:1,1
DA:2,1
DA:3,1
DA:4,1
DA:5,1
DA:6,1
DA:7,1
DA:8,1
DA:9,1
DA:10,1
DA:11,1
DA:12,1
DA:13,1
DA:14,1
DA:15,1
DA:16,1
DA:17,1
DA:18,5
DA:19,5
DA:20,5
DA:21,5
DA:22,5
DA:23,5
DA:24,1
DA:25,1
DA:26,7
DA:27,7
DA:28,7
DA:29,3
DA:30,3
DA:31,4
DA:32,7
DA:33,1
DA:34,1
DA:35,3
DA:36,7
DA:37,1
DA:38,1
DA:39,2
DA:40,2
DA:41,2
DA:42,2
DA:43,7
DA:44,7
DA:45,0
DA:46,0
DA:47,7
DA:48,7
DA:49,7
DA:50,7
DA:51,7
DA:52,7
DA:53,7
DA:54,7
DA:55,7
DA:56,7
DA:57,7
DA:58,7
DA:59,7
DA:60,7
DA:61,7
DA:62,7
DA:63,1
DA:64,1
DA:65,1
LF:65
LH:63
BRDA:65,0,0,1
BRDA:65,1,0,1
BRDA:65,2,0,0
BRDA:65,3,0,0
BRDA:65,4,0,0
BRDA:65,5,0,0
BRDA:65,6,0,1
BRDA:65,7,0,2
BRDA:65,8,0,2
BRDA:65,9,0,7
BRDA:65,10,0,7
BRDA:65,11,0,6
BRDA:65,12,0,0
BRDA:65,13,0,8
BRDA:65,14,0,2
BRDA:65,15,0,6
BRDA:65,16,0,6
BRDA:65,17,0,7
BRDA:65,18,0,6
BRDA:65,19,0,0
BRDA:65,20,0,21
BRDA:65,21,0,13
BRDA:65,22,0,13
BRDA:65,23,0,0
BRDA:65,24,0,26
BRDA:65,25,0,0
BRDA:65,26,0,0
BRDA:65,27,0,0
BRDA:65,28,0,0
BRDA:65,29,0,13
BRDA:65,30,0,13
BRDA:65,31,0,6
BRDA:65,32,0,0
BRDA:65,33,0,0
BRDA:65,34,0,7
BRDA:65,35,0,0
BRDA:65,36,0,2
BRDA:65,37,0,0
BRDA:65,38,0,0
BRDA:65,39,0,0
BRDA:65,40,0,0
BRDA:65,41,0,13
BRDA:65,42,0,5
BRDA:65,43,0,13
BRDA:65,44,0,7
BRDA:65,45,0,5
BRDA:65,46,0,2
BRDA:65,47,0,0
BRDA:65,48,0,1
BRDA:65,49,0,0
BRDA:16,50,0,1
BRDA:17,51,0,5
BRDA:25,52,0,7
BRDA:65,53,0,7
BRDA:65,54,0,13
BRDA:65,55,0,7
BRDA:28,56,0,3
BRDA:30,57,0,4
BRDA:32,58,0,1
BRDA:34,59,0,3
BRDA:36,60,0,2
BRDA:36,61,0,1
BRDA:38,62,0,2
BRDA:65,63,0,2
BRDA:44,64,0,0
BRDA:65,65,0,2
BRDA:65,66,0,2
BRF:67
BRH:46
end_of_record
TN:
SF:src\modules\appointments\services\ListProviderAppointmentsService.ts
FN:37,__decorate
FN:37,__metadata
FN:37,__param
FN:37,__awaiter
FN:37,fulfilled
FN:37,rejected
FN:37,step
FN:37,__generator
FN:37,sent
FN:37,g.<computed>
FN:37,verb
FN:37,step
FN:15,ListProviderAppointmentsService
FN:20,ListProviderAppointmentsService.execute
FNF:14
FNH:12
FNDA:1,__decorate
FNDA:1,__metadata
FNDA:1,__param
FNDA:1,__awaiter
FNDA:1,fulfilled
FNDA:0,rejected
FNDA:2,step
FNDA:1,__generator
FNDA:1,sent
FNDA:0,g.<computed>
FNDA:3,verb
FNDA:2,step
FNDA:1,ListProviderAppointmentsService
FNDA:1,ListProviderAppointmentsService.execute
DA:1,1
DA:2,1
DA:3,1
DA:4,1
DA:5,1
DA:6,1
DA:7,1
DA:8,1
DA:9,1
DA:10,1
DA:11,1
DA:12,1
DA:13,1
DA:14,1
DA:15,1
DA:16,1
DA:17,1
DA:18,1
DA:19,1
DA:20,1
DA:21,1
DA:22,1
DA:23,1
DA:24,1
DA:25,1
DA:26,1
DA:27,1
DA:28,1
DA:29,1
DA:30,1
DA:31,1
DA:32,1
DA:33,1
DA:34,1
DA:35,1
DA:36,1
DA:37,1
LF:37
LH:37
BRDA:37,0,0,1
BRDA:37,1,0,1
BRDA:37,2,0,0
BRDA:37,3,0,0
BRDA:37,4,0,0
BRDA:37,5,0,0
BRDA:37,6,0,1
BRDA:37,7,0,1
BRDA:37,8,0,1
BRDA:37,9,0,1
BRDA:37,10,0,1
BRDA:37,11,0,1
BRDA:37,12,0,0
BRDA:37,13,0,2
BRDA:37,14,0,1
BRDA:37,15,0,1
BRDA:37,16,0,1
BRDA:37,17,0,1
BRDA:37,18,0,1
BRDA:37,19,0,0
BRDA:37,20,0,3
BRDA:37,21,0,2
BRDA:37,22,0,2
BRDA:37,23,0,0
BRDA:37,24,0,4
BRDA:37,25,0,0
BRDA:37,26,0,0
BRDA:37,27,0,0
BRDA:37,28,0,0
BRDA:37,29,0,2
BRDA:37,30,0,2
BRDA:37,31,0,1
BRDA:37,32,0,0
BRDA:37,33,0,0
BRDA:37,34,0,1
BRDA:37,35,0,0
BRDA:37,36,0,0
BRDA:37,37,0,0
BRDA:37,38,0,0
BRDA:37,39,0,0
BRDA:37,40,0,2
BRDA:37,41,0,0
BRDA:37,42,0,2
BRDA:37,43,0,1
BRDA:37,44,0,0
BRDA:37,45,0,1
BRDA:37,46,0,0
BRDA:14,47,0,1
BRDA:15,48,0,1
BRDA:20,49,0,1
BRDA:37,50,0,1
BRDA:37,51,0,2
BRDA:26,52,0,1
BRDA:37,53,0,1
BRF:54
BRH:33
end_of_record
TN:
SF:src\modules\appointments\services\ListProviderDayAvailabilityService.ts
FN:57,__decorate
FN:57,__metadata
FN:57,__param
FN:57,__awaiter
FN:57,fulfilled
FN:57,rejected
FN:57,step
FN:57,__generator
FN:57,sent
FN:57,g.<computed>
FN:57,verb
FN:57,step
FN:21,ListProviderDayAvailabilityService
FN:26,ListProviderDayAvailabilityService.execute
FNF:14
FNH:12
FNDA:1,__decorate
FNDA:1,__metadata
FNDA:1,__param
FNDA:1,__awaiter
FNDA:1,fulfilled
FNDA:0,rejected
FNDA:2,step
FNDA:1,__generator
FNDA:1,sent
FNDA:0,g.<computed>
FNDA:3,verb
FNDA:2,step
FNDA:1,ListProviderDayAvailabilityService
FNDA:1,ListProviderDayAvailabilityService.execute
DA:1,1
DA:2,1
DA:3,1
DA:4,1
DA:5,1
DA:6,1
DA:7,1
DA:8,1
DA:9,1
DA:10,1
DA:11,1
DA:12,1
DA:13,1
DA:14,1
DA:15,1
DA:16,1
DA:17,1
DA:18,1
DA:19,1
DA:20,1
DA:21,1
DA:22,1
DA:23,1
DA:24,1
DA:25,1
DA:26,1
DA:27,1
DA:28,1
DA:29,1
DA:30,1
DA:31,1
DA:32,1
DA:33,1
DA:34,1
DA:35,1
DA:36,1
DA:37,1
DA:38,1
DA:39,1
DA:40,1
DA:41,10
DA:42,10
DA:43,10
DA:44,10
DA:45,10
DA:46,10
DA:47,10
DA:48,10
DA:49,10
DA:50,10
DA:51,1
DA:52,1
DA:53,1
DA:54,1
DA:55,1
DA:56,1
DA:57,1
LF:57
LH:57
BRDA:57,0,0,1
BRDA:57,1,0,1
BRDA:57,2,0,0
BRDA:57,3,0,0
BRDA:57,4,0,0
BRDA:57,5,0,0
BRDA:57,6,0,1
BRDA:57,7,0,1
BRDA:57,8,0,1
BRDA:57,9,0,1
BRDA:57,10,0,1
BRDA:57,11,0,1
BRDA:57,12,0,0
BRDA:57,13,0,2
BRDA:57,14,0,1
BRDA:57,15,0,1
BRDA:57,16,0,1
BRDA:57,17,0,1
BRDA:57,18,0,1
BRDA:57,19,0,0
BRDA:57,20,0,3
BRDA:57,21,0,2
BRDA:57,22,0,2
BRDA:57,23,0,0
BRDA:57,24,0,4
BRDA:57,25,0,0
BRDA:57,26,0,0
BRDA:57,27,0,0
BRDA:57,28,0,0
BRDA:57,29,0,2
BRDA:57,30,0,2
BRDA:57,31,0,1
BRDA:57,32,0,0
BRDA:57,33,0,0
BRDA:57,34,0,1
BRDA:57,35,0,0
BRDA:57,36,0,0
BRDA:57,37,0,0
BRDA:57,38,0,0
BRDA:57,39,0,0
BRDA:57,40,0,2
BRDA:57,41,0,0
BRDA:57,42,0,2
BRDA:57,43,0,1
BRDA:57,44,0,0
BRDA:57,45,0,1
BRDA:57,46,0,0
BRDA:20,47,0,1
BRDA:21,48,0,1
BRDA:26,49,0,1
BRDA:57,50,0,1
BRDA:57,51,0,2
BRDA:27,52,0,1
BRDA:57,53,0,1
BRDA:35,54,0,10
BRDA:40,55,0,10
BRDA:49,56,0,8
BRDA:41,57,0,19
BRF:58
BRH:37
end_of_record
TN:
SF:src\modules\appointments\services\ListProviderMonthAvailabilityService.ts
FN:53,__decorate
FN:53,__metadata
FN:53,__param
FN:53,__awaiter
FN:53,fulfilled
FN:53,rejected
FN:53,step
FN:53,__generator
FN:53,sent
FN:53,g.<computed>
FN:53,verb
FN:53,step
FN:19,ListProviderMonthAvailabilityService
FN:24,ListProviderMonthAvailabilityService.execute
FNF:14
FNH:12
FNDA:1,__decorate
FNDA:1,__metadata
FNDA:1,__param
FNDA:1,__awaiter
FNDA:1,fulfilled
FNDA:0,rejected
FNDA:2,step
FNDA:1,__generator
FNDA:1,sent
FNDA:0,g.<computed>
FNDA:3,verb
FNDA:2,step
FNDA:1,ListProviderMonthAvailabilityService
FNDA:1,ListProviderMonthAvailabilityService.execute
DA:1,1
DA:2,1
DA:3,1
DA:4,1
DA:5,1
DA:6,1
DA:7,1
DA:8,1
DA:9,1
DA:10,1
DA:11,1
DA:12,1
DA:13,1
DA:14,1
DA:15,1
DA:16,1
DA:17,1
DA:18,1
DA:19,1
DA:20,1
DA:21,1
DA:22,1
DA:23,1
DA:24,1
DA:25,1
DA:26,1
DA:27,1
DA:28,1
DA:29,1
DA:30,1
DA:31,1
DA:32,1
DA:33,1
DA:34,1
DA:35,1
DA:36,1
DA:37,1
DA:38,1
DA:39,31
DA:40,341
DA:41,31
DA:42,31
DA:43,31
DA:44,31
DA:45,31
DA:46,31
DA:47,1
DA:48,1
DA:49,1
DA:50,1
DA:51,1
DA:52,1
DA:53,1
LF:53
LH:53
BRDA:53,0,0,1
BRDA:53,1,0,1
BRDA:53,2,0,0
BRDA:53,3,0,0
BRDA:53,4,0,0
BRDA:53,5,0,0
BRDA:53,6,0,1
BRDA:53,7,0,1
BRDA:53,8,0,1
BRDA:53,9,0,1
BRDA:53,10,0,1
BRDA:53,11,0,1
BRDA:53,12,0,0
BRDA:53,13,0,2
BRDA:53,14,0,1
BRDA:53,15,0,1
BRDA:53,16,0,1
BRDA:53,17,0,1
BRDA:53,18,0,1
BRDA:53,19,0,0
BRDA:53,20,0,3
BRDA:53,21,0,2
BRDA:53,22,0,2
BRDA:53,23,0,0
BRDA:53,24,0,4
BRDA:53,25,0,0
BRDA:53,26,0,0
BRDA:53,27,0,0
BRDA:53,28,0,0
BRDA:53,29,0,2
BRDA:53,30,0,2
BRDA:53,31,0,1
BRDA:53,32,0,0
BRDA:53,33,0,0
BRDA:53,34,0,1
BRDA:53,35,0,0
BRDA:53,36,0,0
BRDA:53,37,0,0
BRDA:53,38,0,0
BRDA:53,39,0,0
BRDA:53,40,0,2
BRDA:53,41,0,0
BRDA:53,42,0,2
BRDA:53,43,0,1
BRDA:53,44,0,0
BRDA:53,45,0,1
BRDA:53,46,0,0
BRDA:18,47,0,1
BRDA:19,48,0,1
BRDA:24,49,0,1
BRDA:53,50,0,1
BRDA:53,51,0,2
BRDA:25,52,0,1
BRDA:53,53,0,1
BRDA:35,54,0,31
BRDA:38,55,0,31
BRDA:39,56,0,341
BRF:57
BRH:36
end_of_record
TN:
SF:src\modules\appointments\services\ListProvidersService.ts
FN:25,__decorate
FN:25,__metadata
FN:25,__param
FN:25,__awaiter
FN:25,fulfilled
FN:25,rejected
FN:25,step
FN:25,__generator
FN:25,sent
FN:25,g.<computed>
FN:25,verb
FN:25,step
FN:13,ListProvidersService
FN:18,ListProvidersService.execute
FNF:14
FNH:12
FNDA:1,__decorate
FNDA:1,__metadata
FNDA:1,__param
FNDA:1,__awaiter
FNDA:1,fulfilled
FNDA:0,rejected
FNDA:2,step
FNDA:1,__generator
FNDA:1,sent
FNDA:0,g.<computed>
FNDA:3,verb
FNDA:2,step
FNDA:1,ListProvidersService
FNDA:1,ListProvidersService.execute
DA:1,1
DA:2,1
DA:3,1
DA:4,1
DA:5,1
DA:6,1
DA:7,1
DA:8,1
DA:9,1
DA:10,1
DA:11,1
DA:12,1
DA:13,1
DA:14,1
DA:15,1
DA:16,1
DA:17,1
DA:18,1
DA:19,1
DA:20,1
DA:21,1
DA:22,1
DA:23,1
DA:24,1
DA:25,1
LF:25
LH:25
BRDA:25,0,0,1
BRDA:25,1,0,1
BRDA:25,2,0,0
BRDA:25,3,0,0
BRDA:25,4,0,0
BRDA:25,5,0,0
BRDA:25,6,0,1
BRDA:25,7,0,1
BRDA:25,8,0,1
BRDA:25,9,0,1
BRDA:25,10,0,1
BRDA:25,11,0,1
BRDA:25,12,0,0
BRDA:25,13,0,2
BRDA:25,14,0,1
BRDA:25,15,0,1
BRDA:25,16,0,1
BRDA:25,17,0,1
BRDA:25,18,0,1
BRDA:25,19,0,0
BRDA:25,20,0,3
BRDA:25,21,0,2
BRDA:25,22,0,2
BRDA:25,23,0,0
BRDA:25,24,0,4
BRDA:25,25,0,0
BRDA:25,26,0,0
BRDA:25,27,0,0
BRDA:25,28,0,0
BRDA:25,29,0,2
BRDA:25,30,0,2
BRDA:25,31,0,1
BRDA:25,32,0,0
BRDA:25,33,0,0
BRDA:25,34,0,1
BRDA:25,35,0,0
BRDA:25,36,0,0
BRDA:25,37,0,0
BRDA:25,38,0,0
BRDA:25,39,0,0
BRDA:25,40,0,2
BRDA:25,41,0,0
BRDA:25,42,0,2
BRDA:25,43,0,1
BRDA:25,44,0,0
BRDA:25,45,0,1
BRDA:25,46,0,0
BRDA:12,47,0,1
BRDA:13,48,0,1
BRDA:18,49,0,1
BRDA:25,50,0,1
BRDA:25,51,0,2
BRDA:19,52,0,1
BRDA:25,53,0,1
BRF:54
BRH:33
end_of_record
TN:
SF:src\modules\users\services\AuthenticateUserService.ts
FN:54,__decorate
FN:54,__metadata
FN:54,__param
FN:54,__awaiter
FN:54,fulfilled
FN:54,rejected
FN:54,step
FN:54,__generator
FN:54,sent
FN:54,g.<computed>
FN:54,verb
FN:54,step
FN:54,__importDefault
FN:19,AuthenticateUserService
FN:27,AuthenticateUserService.execute
FNF:15
FNH:13
FNDA:1,__decorate
FNDA:1,__metadata
FNDA:2,__param
FNDA:3,__awaiter
FNDA:5,fulfilled
FNDA:0,rejected
FNDA:6,step
FNDA:3,__generator
FNDA:5,sent
FNDA:0,g.<computed>
FNDA:9,verb
FNDA:8,step
FNDA:2,__importDefault
FNDA:3,AuthenticateUserService
FNDA:3,AuthenticateUserService.execute
DA:1,1
DA:2,1
DA:3,1
DA:4,1
DA:5,1
DA:6,1
DA:7,1
DA:8,1
DA:9,1
DA:10,1
DA:11,1
DA:12,1
DA:13,1
DA:14,1
DA:15,1
DA:16,1
DA:17,1
DA:18,1
DA:19,1
DA:20,3
DA:21,3
DA:22,3
DA:23,3
DA:24,3
DA:25,1
DA:26,1
DA:27,1
DA:28,3
DA:29,3
DA:30,3
DA:31,1
DA:32,1
DA:33,2
DA:34,2
DA:35,3
DA:36,3
DA:37,1
DA:38,1
DA:39,1
DA:40,1
DA:41,1
DA:42,1
DA:43,1
DA:44,1
DA:45,1
DA:46,1
DA:47,1
DA:48,1
DA:49,1
DA:50,1
DA:51,3
DA:52,1
DA:53,1
DA:54,1
LF:54
LH:54
BRDA:54,0,0,1
BRDA:54,1,0,1
BRDA:54,2,0,0
BRDA:54,3,0,0
BRDA:54,4,0,0
BRDA:54,5,0,0
BRDA:54,6,0,1
BRDA:54,7,0,2
BRDA:54,8,0,2
BRDA:54,9,0,3
BRDA:54,10,0,3
BRDA:54,11,0,5
BRDA:54,12,0,2
BRDA:54,13,0,6
BRDA:54,14,0,1
BRDA:54,15,0,5
BRDA:54,16,0,5
BRDA:54,17,0,3
BRDA:54,18,0,5
BRDA:54,19,0,0
BRDA:54,20,0,9
BRDA:54,21,0,8
BRDA:54,22,0,8
BRDA:54,23,0,0
BRDA:54,24,0,16
BRDA:54,25,0,0
BRDA:54,26,0,0
BRDA:54,27,0,0
BRDA:54,28,0,0
BRDA:54,29,0,8
BRDA:54,30,0,8
BRDA:54,31,0,5
BRDA:54,32,0,0
BRDA:54,33,0,0
BRDA:54,34,0,3
BRDA:54,35,0,0
BRDA:54,36,0,1
BRDA:54,37,0,0
BRDA:54,38,0,0
BRDA:54,39,0,0
BRDA:54,40,0,0
BRDA:54,41,0,8
BRDA:54,42,0,2
BRDA:54,43,0,8
BRDA:54,44,0,3
BRDA:54,45,0,2
BRDA:54,46,0,1
BRDA:54,47,0,0
BRDA:54,48,0,2
BRDA:54,49,0,0
BRDA:18,50,0,1
BRDA:19,51,0,3
BRDA:27,52,0,3
BRDA:54,53,0,3
BRDA:54,54,0,8
BRDA:28,55,0,3
BRDA:54,56,0,3
BRDA:30,57,0,1
BRDA:32,58,0,2
BRDA:54,59,0,2
BRDA:36,60,0,1
BRF:61
BRH:42
end_of_record
TN:
SF:src\modules\users\services\CreateUserService.ts
FN:44,__decorate
FN:44,__metadata
FN:44,__param
FN:44,__awaiter
FN:44,fulfilled
FN:44,rejected
FN:44,step
FN:44,__generator
FN:44,sent
FN:44,g.<computed>
FN:44,verb
FN:44,step
FN:44,__importDefault
FN:16,CreateUserService
FN:24,CreateUserService.execute
FNF:15
FNH:13
FNDA:2,__decorate
FNDA:2,__metadata
FNDA:4,__param
FNDA:5,__awaiter
FNDA:13,fulfilled
FNDA:0,rejected
FNDA:17,step
FNDA:5,__generator
FNDA:13,sent
FNDA:0,g.<computed>
FNDA:15,verb
FNDA:18,step
FNDA:2,__importDefault
FNDA:5,CreateUserService
FNDA:5,CreateUserService.execute
DA:1,1
DA:2,1
DA:3,1
DA:4,1
DA:5,1
DA:6,1
DA:7,1
DA:8,1
DA:9,1
DA:10,1
DA:11,1
DA:12,1
DA:13,1
DA:14,1
DA:15,2
DA:16,2
DA:17,5
DA:18,5
DA:19,5
DA:20,5
DA:21,5
DA:22,2
DA:23,2
DA:24,2
DA:25,5
DA:26,5
DA:27,5
DA:28,5
DA:29,1
DA:30,1
DA:31,4
DA:32,4
DA:33,5
DA:34,5
DA:35,5
DA:36,5
DA:37,5
DA:38,5
DA:39,5
DA:40,5
DA:41,5
DA:42,2
DA:43,1
DA:44,1
LF:44
LH:44
BRDA:44,0,0,2
BRDA:44,1,0,2
BRDA:44,2,0,0
BRDA:44,3,0,0
BRDA:44,4,0,0
BRDA:44,5,0,0
BRDA:44,6,0,2
BRDA:44,7,0,4
BRDA:44,8,0,4
BRDA:44,9,0,5
BRDA:44,10,0,5
BRDA:44,11,0,13
BRDA:44,12,0,1
BRDA:44,13,0,17
BRDA:44,14,0,4
BRDA:44,15,0,13
BRDA:44,16,0,13
BRDA:44,17,0,5
BRDA:44,18,0,13
BRDA:44,19,0,0
BRDA:44,20,0,15
BRDA:44,21,0,18
BRDA:44,22,0,18
BRDA:44,23,0,0
BRDA:44,24,0,36
BRDA:44,25,0,0
BRDA:44,26,0,0
BRDA:44,27,0,0
BRDA:44,28,0,0
BRDA:44,29,0,18
BRDA:44,30,0,18
BRDA:44,31,0,13
BRDA:44,32,0,0
BRDA:44,33,0,0
BRDA:44,34,0,5
BRDA:44,35,0,0
BRDA:44,36,0,4
BRDA:44,37,0,0
BRDA:44,38,0,0
BRDA:44,39,0,0
BRDA:44,40,0,0
BRDA:44,41,0,18
BRDA:44,42,0,1
BRDA:44,43,0,18
BRDA:44,44,0,5
BRDA:44,45,0,1
BRDA:44,46,0,4
BRDA:44,47,0,0
BRDA:44,48,0,2
BRDA:44,49,0,0
BRDA:15,50,0,2
BRDA:16,51,0,5
BRDA:24,52,0,5
BRDA:44,53,0,5
BRDA:44,54,0,18
BRDA:26,55,0,5
BRDA:44,56,0,5
BRDA:28,57,0,1
BRDA:30,58,0,4
BRDA:44,59,0,4
BRDA:44,60,0,4
BRF:61
BRH:42
end_of_record
TN:
SF:src\modules\users\services\ResetPasswordService.ts
FN:54,__decorate
FN:54,__metadata
FN:54,__param
FN:54,__awaiter
FN:54,fulfilled
FN:54,rejected
FN:54,step
FN:54,__generator
FN:54,sent
FN:54,g.<computed>
FN:54,verb
FN:54,step
FN:54,__importDefault
FN:17,SendForgotPasswordEmailService
FN:28,SendForgotPasswordEmailService.execute
FNF:15
FNH:13
FNDA:1,__decorate
FNDA:1,__metadata
FNDA:3,__param
FNDA:4,__awaiter
FNDA:9,fulfilled
FNDA:0,rejected
FNDA:10,step
FNDA:4,__generator
FNDA:9,sent
FNDA:0,g.<computed>
FNDA:12,verb
FNDA:13,step
FNDA:1,__importDefault
FNDA:4,SendForgotPasswordEmailService
FNDA:4,SendForgotPasswordEmailService.execute
DA:1,1
DA:2,1
DA:3,1
DA:4,1
DA:5,1
DA:6,1
DA:7,1
DA:8,1
DA:9,1
DA:10,1
DA:11,1
DA:12,1
DA:13,1
DA:14,1
DA:15,1
DA:16,1
DA:17,1
DA:18,4
DA:19,4
DA:20,4
DA:21,4
DA:22,4
DA:23,4
DA:24,4
DA:25,4
DA:26,1
DA:27,1
DA:28,1
DA:29,4
DA:30,4
DA:31,4
DA:32,1
DA:33,1
DA:34,3
DA:35,3
DA:36,4
DA:37,4
DA:38,1
DA:39,1
DA:40,2
DA:41,2
DA:42,2
DA:43,2
DA:44,4
DA:45,1
DA:46,1
DA:47,1
DA:48,1
DA:49,4
DA:50,4
DA:51,4
DA:52,1
DA:53,1
DA:54,1
LF:54
LH:54
BRDA:54,0,0,1
BRDA:54,1,0,1
BRDA:54,2,0,0
BRDA:54,3,0,0
BRDA:54,4,0,0
BRDA:54,5,0,0
BRDA:54,6,0,1
BRDA:54,7,0,3
BRDA:54,8,0,3
BRDA:54,9,0,4
BRDA:54,10,0,4
BRDA:54,11,0,9
BRDA:54,12,0,3
BRDA:54,13,0,10
BRDA:54,14,0,1
BRDA:54,15,0,9
BRDA:54,16,0,9
BRDA:54,17,0,4
BRDA:54,18,0,9
BRDA:54,19,0,0
BRDA:54,20,0,12
BRDA:54,21,0,13
BRDA:54,22,0,13
BRDA:54,23,0,0
BRDA:54,24,0,26
BRDA:54,25,0,0
BRDA:54,26,0,0
BRDA:54,27,0,0
BRDA:54,28,0,0
BRDA:54,29,0,13
BRDA:54,30,0,13
BRDA:54,31,0,9
BRDA:54,32,0,0
BRDA:54,33,0,0
BRDA:54,34,0,4
BRDA:54,35,0,0
BRDA:54,36,0,1
BRDA:54,37,0,0
BRDA:54,38,0,0
BRDA:54,39,0,0
BRDA:54,40,0,0
BRDA:54,41,0,13
BRDA:54,42,0,3
BRDA:54,43,0,13
BRDA:54,44,0,4
BRDA:54,45,0,3
BRDA:54,46,0,1
BRDA:54,47,0,0
BRDA:54,48,0,1
BRDA:54,49,0,0
BRDA:16,50,0,1
BRDA:17,51,0,4
BRDA:28,52,0,4
BRDA:54,53,0,4
BRDA:54,54,0,13
BRDA:29,55,0,4
BRDA:54,56,0,4
BRDA:31,57,0,1
BRDA:33,58,0,3
BRDA:54,59,0,3
BRDA:37,60,0,1
BRDA:39,61,0,2
BRDA:44,62,0,1
BRDA:54,63,0,1
BRDA:54,64,0,1
BRF:65
BRH:46
end_of_record
TN:
SF:src\modules\users\services\SendForgotPasswordEmailService.ts
FN:60,__decorate
FN:60,__metadata
FN:60,__param
FN:60,__awaiter
FN:60,fulfilled
FN:60,rejected
FN:60,step
FN:60,__generator
FN:60,sent
FN:60,g.<computed>
FN:60,verb
FN:60,step
FN:60,__importDefault
FN:16,SendForgotPasswordEmailService
FN:27,SendForgotPasswordEmailService.execute
FNF:15
FNH:13
FNDA:1,__decorate
FNDA:1,__metadata
FNDA:3,__param
FNDA:3,__awaiter
FNDA:7,fulfilled
FNDA:0,rejected
FNDA:9,step
FNDA:3,__generator
FNDA:7,sent
FNDA:0,g.<computed>
FNDA:9,verb
FNDA:10,step
FNDA:2,__importDefault
FNDA:3,SendForgotPasswordEmailService
FNDA:3,SendForgotPasswordEmailService.execute
DA:1,1
DA:2,1
DA:3,1
DA:4,1
DA:5,1
DA:6,1
DA:7,1
DA:8,1
DA:9,1
DA:10,1
DA:11,1
DA:12,1
DA:13,1
DA:14,1
DA:15,1
DA:16,1
DA:17,3
DA:18,3
DA:19,3
DA:20,3
DA:21,3
DA:22,3
DA:23,3
DA:24,3
DA:25,1
DA:26,1
DA:27,1
DA:28,3
DA:29,3
DA:30,3
DA:31,1
DA:32,1
DA:33,2
DA:34,2
DA:35,3
DA:36,3
DA:37,3
DA:38,3
DA:39,3
DA:40,3
DA:41,3
DA:42,3
DA:43,3
DA:44,3
DA:45,3
DA:46,3
DA:47,3
DA:48,3
DA:49,3
DA:50,3
DA:51,3
DA:52,3
DA:53,3
DA:54,3
DA:55,3
DA:56,3
DA:57,3
DA:58,1
DA:59,1
DA:60,1
LF:60
LH:60
BRDA:60,0,0,1
BRDA:60,1,0,1
BRDA:60,2,0,0
BRDA:60,3,0,0
BRDA:60,4,0,0
BRDA:60,5,0,0
BRDA:60,6,0,1
BRDA:60,7,0,3
BRDA:60,8,0,3
BRDA:60,9,0,3
BRDA:60,10,0,3
BRDA:60,11,0,7
BRDA:60,12,0,1
BRDA:60,13,0,9
BRDA:60,14,0,2
BRDA:60,15,0,7
BRDA:60,16,0,7
BRDA:60,17,0,3
BRDA:60,18,0,7
BRDA:60,19,0,0
BRDA:60,20,0,9
BRDA:60,21,0,10
BRDA:60,22,0,10
BRDA:60,23,0,0
BRDA:60,24,0,20
BRDA:60,25,0,0
BRDA:60,26,0,0
BRDA:60,27,0,0
BRDA:60,28,0,0
BRDA:60,29,0,10
BRDA:60,30,0,10
BRDA:60,31,0,7
BRDA:60,32,0,0
BRDA:60,33,0,0
BRDA:60,34,0,3
BRDA:60,35,0,0
BRDA:60,36,0,2
BRDA:60,37,0,0
BRDA:60,38,0,0
BRDA:60,39,0,0
BRDA:60,40,0,0
BRDA:60,41,0,10
BRDA:60,42,0,1
BRDA:60,43,0,10
BRDA:60,44,0,3
BRDA:60,45,0,1
BRDA:60,46,0,2
BRDA:60,47,0,0
BRDA:60,48,0,2
BRDA:60,49,0,1
BRDA:60,50,0,1
BRDA:15,51,0,1
BRDA:16,52,0,3
BRDA:27,53,0,3
BRDA:60,54,0,3
BRDA:60,55,0,10
BRDA:28,56,0,3
BRDA:60,57,0,3
BRDA:30,58,0,1
BRDA:32,59,0,2
BRDA:60,60,0,2
BRDA:60,61,0,2
BRF:62
BRH:44
end_of_record
TN:
SF:src\modules\users\services\ShowProfileService.ts
FN:31,__decorate
FN:31,__metadata
FN:31,__param
FN:31,__awaiter
FN:31,fulfilled
FN:31,rejected
FN:31,step
FN:31,__generator
FN:31,sent
FN:31,g.<computed>
FN:31,verb
FN:31,step
FN:31,__importDefault
FN:15,ShowProfileService
FN:20,ShowProfileService.execute
FNF:15
FNH:13
FNDA:1,__decorate
FNDA:1,__metadata
FNDA:1,__param
FNDA:2,__awaiter
FNDA:2,fulfilled
FNDA:0,rejected
FNDA:3,step
FNDA:2,__generator
FNDA:2,sent
FNDA:0,g.<computed>
FNDA:6,verb
FNDA:4,step
FNDA:1,__importDefault
FNDA:2,ShowProfileService
FNDA:2,ShowProfileService.execute
DA:1,1
DA:2,1
DA:3,1
DA:4,1
DA:5,1
DA:6,1
DA:7,1
DA:8,1
DA:9,1
DA:10,1
DA:11,1
DA:12,1
DA:13,1
DA:14,1
DA:15,1
DA:16,2
DA:17,2
DA:18,1
DA:19,1
DA:20,1
DA:21,2
DA:22,2
DA:23,2
DA:24,1
DA:25,1
DA:26,1
DA:27,1
DA:28,2
DA:29,1
DA:30,1
DA:31,1
LF:31
LH:31
BRDA:31,0,0,1
BRDA:31,1,0,1
BRDA:31,2,0,0
BRDA:31,3,0,0
BRDA:31,4,0,0
BRDA:31,5,0,0
BRDA:31,6,0,1
BRDA:31,7,0,1
BRDA:31,8,0,1
BRDA:31,9,0,2
BRDA:31,10,0,2
BRDA:31,11,0,2
BRDA:31,12,0,1
BRDA:31,13,0,3
BRDA:31,14,0,1
BRDA:31,15,0,2
BRDA:31,16,0,2
BRDA:31,17,0,2
BRDA:31,18,0,2
BRDA:31,19,0,0
BRDA:31,20,0,6
BRDA:31,21,0,4
BRDA:31,22,0,4
BRDA:31,23,0,0
BRDA:31,24,0,8
BRDA:31,25,0,0
BRDA:31,26,0,0
BRDA:31,27,0,0
BRDA:31,28,0,0
BRDA:31,29,0,4
BRDA:31,30,0,4
BRDA:31,31,0,2
BRDA:31,32,0,0
BRDA:31,33,0,0
BRDA:31,34,0,2
BRDA:31,35,0,0
BRDA:31,36,0,1
BRDA:31,37,0,0
BRDA:31,38,0,0
BRDA:31,39,0,0
BRDA:31,40,0,0
BRDA:31,41,0,4
BRDA:31,42,0,1
BRDA:31,43,0,4
BRDA:31,44,0,2
BRDA:31,45,0,1
BRDA:31,46,0,0
BRDA:31,47,0,1
BRDA:31,48,0,0
BRDA:14,49,0,1
BRDA:15,50,0,2
BRDA:20,51,0,2
BRDA:31,52,0,2
BRDA:31,53,0,4
BRDA:21,54,0,2
BRDA:31,55,0,2
BRDA:23,56,0,1
BRF:57
BRH:38
end_of_record
TN:
SF:src\modules\users\services\UpdateProfileService.ts
FN:65,__decorate
FN:65,__metadata
FN:65,__param
FN:65,__awaiter
FN:65,fulfilled
FN:65,rejected
FN:65,step
FN:65,__generator
FN:65,sent
FN:65,g.<computed>
FN:65,verb
FN:65,step
FN:65,__importDefault
FN:20,UpdateProfileService
FN:28,UpdateProfileService.execute
FNF:15
FNH:13
FNDA:1,__decorate
FNDA:1,__metadata
FNDA:2,__param
FNDA:6,__awaiter
FNDA:14,fulfilled
FNDA:0,rejected
FNDA:16,step
FNDA:6,__generator
FNDA:14,sent
FNDA:0,g.<computed>
FNDA:18,verb
FNDA:20,step
FNDA:1,__importDefault
FNDA:6,UpdateProfileService
FNDA:6,UpdateProfileService.execute
DA:1,1
DA:2,1
DA:3,1
DA:4,1
DA:5,1
DA:6,1
DA:7,1
DA:8,1
DA:9,1
DA:10,1
DA:11,1
DA:12,1
DA:13,1
DA:14,1
DA:15,1
DA:16,1
DA:17,1
DA:18,1
DA:19,1
DA:20,1
DA:21,6
DA:22,6
DA:23,6
DA:24,6
DA:25,6
DA:26,1
DA:27,1
DA:28,1
DA:29,6
DA:30,6
DA:31,6
DA:32,1
DA:33,1
DA:34,5
DA:35,5
DA:36,6
DA:37,6
DA:38,1
DA:39,1
DA:40,4
DA:41,4
DA:42,4
DA:43,4
DA:44,6
DA:45,1
DA:46,1
DA:47,3
DA:48,6
DA:49,2
DA:50,2
DA:51,2
DA:52,2
DA:53,6
DA:54,6
DA:55,1
DA:56,1
DA:57,1
DA:58,1
DA:59,6
DA:60,6
DA:61,6
DA:62,6
DA:63,1
DA:64,1
DA:65,1
LF:65
LH:65
BRDA:65,0,0,1
BRDA:65,1,0,1
BRDA:65,2,0,0
BRDA:65,3,0,0
BRDA:65,4,0,0
BRDA:65,5,0,0
BRDA:65,6,0,1
BRDA:65,7,0,2
BRDA:65,8,0,2
BRDA:65,9,0,6
BRDA:65,10,0,6
BRDA:65,11,0,14
BRDA:65,12,0,4
BRDA:65,13,0,16
BRDA:65,14,0,2
BRDA:65,15,0,14
BRDA:65,16,0,14
BRDA:65,17,0,6
BRDA:65,18,0,14
BRDA:65,19,0,0
BRDA:65,20,0,18
BRDA:65,21,0,20
BRDA:65,22,0,20
BRDA:65,23,0,0
BRDA:65,24,0,41
BRDA:65,25,0,0
BRDA:65,26,0,0
BRDA:65,27,0,0
BRDA:65,28,0,0
BRDA:65,29,0,20
BRDA:65,30,0,20
BRDA:65,31,0,14
BRDA:65,32,0,0
BRDA:65,33,0,0
BRDA:65,34,0,7
BRDA:65,35,0,0
BRDA:65,36,0,3
BRDA:65,37,0,6
BRDA:65,38,0,1
BRDA:65,39,0,0
BRDA:65,40,0,1
BRDA:65,41,0,0
BRDA:65,42,0,0
BRDA:65,43,0,0
BRDA:65,44,0,21
BRDA:65,45,0,4
BRDA:65,46,0,21
BRDA:65,47,0,6
BRDA:65,48,0,4
BRDA:65,49,0,2
BRDA:65,50,0,0
BRDA:65,51,0,1
BRDA:65,52,0,0
BRDA:19,53,0,1
BRDA:20,54,0,6
BRDA:28,55,0,6
BRDA:65,56,0,6
BRDA:65,57,0,21
BRDA:29,58,0,6
BRDA:65,59,0,6
BRDA:31,60,0,1
BRDA:33,61,0,5
BRDA:65,62,0,5
BRDA:37,63,0,1
BRDA:37,64,0,1
BRDA:39,65,0,4
BRDA:44,66,0,3
BRDA:44,67,0,1
BRDA:46,68,0,3
BRDA:48,69,0,2
BRDA:48,70,0,1
BRDA:48,71,0,2
BRDA:65,72,0,2
BRDA:54,73,0,1
BRDA:65,74,0,1
BRDA:61,75,0,2
BRF:76
BRH:57
end_of_record
TN:
SF:src\modules\users\services\UpdateUserAvatarService.ts
FN:46,__decorate
FN:46,__metadata
FN:46,__param
FN:46,__awaiter
FN:46,fulfilled
FN:46,rejected
FN:46,step
FN:46,__generator
FN:46,sent
FN:46,g.<computed>
FN:46,verb
FN:46,step
FN:46,__importDefault
FN:18,UpdateUserAvatarService
FN:26,UpdateUserAvatarService.execute
FNF:15
FNH:13
FNDA:1,__decorate
FNDA:1,__metadata
FNDA:2,__param
FNDA:4,__awaiter
FNDA:11,fulfilled
FNDA:0,rejected
FNDA:14,step
FNDA:4,__generator
FNDA:11,sent
FNDA:0,g.<computed>
FNDA:12,verb
FNDA:15,step
FNDA:1,__importDefault
FNDA:3,UpdateUserAvatarService
FNDA:4,UpdateUserAvatarService.execute
DA:1,1
DA:2,1
DA:3,1
DA:4,1
DA:5,1
DA:6,1
DA:7,1
DA:8,1
DA:9,1
DA:10,1
DA:11,1
DA:12,1
DA:13,1
DA:14,1
DA:15,1
DA:16,1
DA:17,1
DA:18,1
DA:19,3
DA:20,3
DA:21,3
DA:22,3
DA:23,3
DA:24,1
DA:25,1
DA:26,1
DA:27,4
DA:28,4
DA:29,4
DA:30,1
DA:31,1
DA:32,3
DA:33,3
DA:34,1
DA:35,4
DA:36,4
DA:37,4
DA:38,4
DA:39,4
DA:40,4
DA:41,4
DA:42,4
DA:43,4
DA:44,1
DA:45,1
DA:46,1
LF:46
LH:46
BRDA:46,0,0,1
BRDA:46,1,0,1
BRDA:46,2,0,0
BRDA:46,3,0,0
BRDA:46,4,0,0
BRDA:46,5,0,0
BRDA:46,6,0,1
BRDA:46,7,0,2
BRDA:46,8,0,2
BRDA:46,9,0,4
BRDA:46,10,0,4
BRDA:46,11,0,11
BRDA:46,12,0,1
BRDA:46,13,0,14
BRDA:46,14,0,3
BRDA:46,15,0,11
BRDA:46,16,0,11
BRDA:46,17,0,4
BRDA:46,18,0,11
BRDA:46,19,0,0
BRDA:46,20,0,12
BRDA:46,21,0,15
BRDA:46,22,0,15
BRDA:46,23,0,0
BRDA:46,24,0,32
BRDA:46,25,0,0
BRDA:46,26,0,0
BRDA:46,27,0,0
BRDA:46,28,0,0
BRDA:46,29,0,15
BRDA:46,30,0,15
BRDA:46,31,0,11
BRDA:46,32,0,0
BRDA:46,33,0,0
BRDA:46,34,0,6
BRDA:46,35,0,0
BRDA:46,36,0,5
BRDA:46,37,0,4
BRDA:46,38,0,2
BRDA:46,39,0,0
BRDA:46,40,0,2
BRDA:46,41,0,0
BRDA:46,42,0,0
BRDA:46,43,0,0
BRDA:46,44,0,17
BRDA:46,45,0,1
BRDA:46,46,0,17
BRDA:46,47,0,4
BRDA:46,48,0,1
BRDA:46,49,0,3
BRDA:46,50,0,0
BRDA:46,51,0,1
BRDA:46,52,0,0
BRDA:17,53,0,1
BRDA:18,54,0,3
BRDA:26,55,0,4
BRDA:46,56,0,4
BRDA:46,57,0,17
BRDA:27,58,0,4
BRDA:46,59,0,4
BRDA:29,60,0,1
BRDA:31,61,0,3
BRDA:33,62,0,2
BRDA:33,63,0,1
BRDA:46,64,0,1
BRDA:37,65,0,3
BRDA:46,66,0,3
BRDA:46,67,0,3
BRF:68
BRH:49
end_of_record
